This file contains any messages produced by compilers while
running configure, to aid debugging if configure makes a mistake.

It was created by configure, which was
generated by GNU Autoconf 2.68.  Invocation command line was

  $ ./configure 

## --------- ##
## Platform. ##
## --------- ##

hostname = ubuntu
uname -m = i686
uname -r = 3.8.0-29-generic
uname -s = Linux
uname -v = #42~precise1-Ubuntu SMP Wed Aug 14 15:31:16 UTC 2013

/usr/bin/uname -p = unknown
/bin/uname -X     = unknown

/bin/arch              = unknown
/usr/bin/arch -k       = unknown
/usr/convex/getsysinfo = unknown
/usr/bin/hostinfo      = unknown
/bin/machine           = unknown
/usr/bin/oslevel       = unknown
/bin/universe          = unknown

PATH: /home/xujie/bin
PATH: /usr/local/bin
PATH: /usr/local/sbin
PATH: /usr/local/bin
PATH: /usr/sbin
PATH: /usr/bin
PATH: /sbin
PATH: /bin
PATH: /usr/games


## ----------- ##
## Core tests. ##
## ----------- ##

configure:2445: checking build system type
configure:2459: result: i686-pc-linux-gnu
configure:2479: checking host system type
configure:2492: result: i686-pc-linux-gnu
configure:2625: checking for gcc
configure:2641: found /usr/bin/gcc
configure:2652: result: gcc
configure:2881: checking for C compiler version
configure:2890: gcc --version >&5
gcc (Ubuntu/Linaro 4.6.3-1ubuntu5) 4.6.3
Copyright (C) 2011 Free Software Foundation, Inc.
This is free software; see the source for copying conditions.  There is NO
warranty; not even for MERCHANTABILITY or FITNESS FOR A PARTICULAR PURPOSE.

configure:2901: $? = 0
configure:2890: gcc -v >&5
Using built-in specs.
COLLECT_GCC=gcc
COLLECT_LTO_WRAPPER=/usr/lib/gcc/i686-linux-gnu/4.6/lto-wrapper
Target: i686-linux-gnu
Configured with: ../src/configure -v --with-pkgversion='Ubuntu/Linaro 4.6.3-1ubuntu5' --with-bugurl=file:///usr/share/doc/gcc-4.6/README.Bugs --enable-languages=c,c++,fortran,objc,obj-c++ --prefix=/usr --program-suffix=-4.6 --enable-shared --enable-linker-build-id --with-system-zlib --libexecdir=/usr/lib --without-included-gettext --enable-threads=posix --with-gxx-include-dir=/usr/include/c++/4.6 --libdir=/usr/lib --enable-nls --with-sysroot=/ --enable-clocale=gnu --enable-libstdcxx-debug --enable-libstdcxx-time=yes --enable-gnu-unique-object --enable-plugin --enable-objc-gc --enable-targets=all --disable-werror --with-arch-32=i686 --with-tune=generic --enable-checking=release --build=i686-linux-gnu --host=i686-linux-gnu --target=i686-linux-gnu
Thread model: posix
gcc version 4.6.3 (Ubuntu/Linaro 4.6.3-1ubuntu5) 
configure:2901: $? = 0
configure:2890: gcc -V >&5
gcc: error: unrecognized option '-V'
gcc: fatal error: no input files
compilation terminated.
configure:2901: $? = 4
configure:2890: gcc -qversion >&5
gcc: error: unrecognized option '-qversion'
gcc: fatal error: no input files
compilation terminated.
configure:2901: $? = 4
configure:2921: checking whether the C compiler works
configure:2943: gcc     conftest.c  >&5
configure:2947: $? = 0
configure:2995: result: yes
configure:2998: checking for C compiler default output file name
configure:3000: result: a.out
configure:3006: checking for suffix of executables
configure:3013: gcc -o conftest     conftest.c  >&5
configure:3017: $? = 0
configure:3039: result: 
configure:3061: checking whether we are cross compiling
configure:3069: gcc -o conftest     conftest.c  >&5
configure:3073: $? = 0
configure:3080: ./conftest
configure:3084: $? = 0
configure:3099: result: no
configure:3104: checking for suffix of object files
configure:3126: gcc -c    conftest.c >&5
configure:3130: $? = 0
configure:3151: result: o
configure:3155: checking whether we are using the GNU C compiler
configure:3174: gcc -c    conftest.c >&5
configure:3174: $? = 0
configure:3183: result: yes
configure:3192: checking whether gcc accepts -g
configure:3212: gcc -c -g  conftest.c >&5
configure:3212: $? = 0
configure:3253: result: yes
configure:3270: checking for gcc option to accept ISO C89
configure:3334: gcc  -c    conftest.c >&5
configure:3334: $? = 0
configure:3347: result: none needed
configure:3372: checking how to run the C preprocessor
configure:3403: gcc -E  conftest.c
configure:3403: $? = 0
configure:3417: gcc -E  conftest.c
conftest.c:14:28: fatal error: ac_nonexistent.h: No such file or directory
compilation terminated.
configure:3417: $? = 1
configure: failed program was:
| /* confdefs.h */
| #define PACKAGE_NAME ""
| #define PACKAGE_TARNAME ""
| #define PACKAGE_VERSION ""
| #define PACKAGE_STRING ""
| #define PACKAGE_BUGREPORT ""
| #define PACKAGE_URL ""
| #define VERSION_MAJOR 3
| #define VERSION_MINOR 0
| #define VERSION_POINT 3
| #define VERSION "3.0.3"
| #define CODE_STATUS "stable"
| /* end confdefs.h.  */
| #include <ac_nonexistent.h>
configure:3442: result: gcc -E
configure:3462: gcc -E  conftest.c
configure:3462: $? = 0
configure:3476: gcc -E  conftest.c
conftest.c:14:28: fatal error: ac_nonexistent.h: No such file or directory
compilation terminated.
configure:3476: $? = 1
configure: failed program was:
| /* confdefs.h */
| #define PACKAGE_NAME ""
| #define PACKAGE_TARNAME ""
| #define PACKAGE_VERSION ""
| #define PACKAGE_STRING ""
| #define PACKAGE_BUGREPORT ""
| #define PACKAGE_URL ""
| #define VERSION_MAJOR 3
| #define VERSION_MINOR 0
| #define VERSION_POINT 3
| #define VERSION "3.0.3"
| #define CODE_STATUS "stable"
| /* end confdefs.h.  */
| #include <ac_nonexistent.h>
configure:3518: checking for a BSD-compatible install
configure:3586: result: /usr/bin/install -c
configure:3597: checking whether ln -s works
configure:3601: result: yes
configure:3608: checking whether make sets $(MAKE)
configure:3630: result: yes
configure:3643: checking for gawk
configure:3673: result: no
configure:3643: checking for mawk
configure:3659: found /usr/bin/mawk
configure:3670: result: mawk
configure:3684: checking for gdb
configure:3700: found /usr/bin/gdb
configure:3712: result: yes
configure:3722: checking for groups
configure:3741: found /usr/bin/groups
configure:3754: result: /usr/bin/groups
configure:3764: checking for id
configure:3783: found /usr/bin/id
configure:3796: result: /usr/bin/id
configure:3848: WARNING: There is no user 'privoxy' on this system
configure:3851: checking for user
configure:3879: result: none specified
configure:3889: checking for group
configure:3923: result: none specified
configure:4007: checking for w3m
configure:4037: result: no
configure:4007: checking for lynx
configure:4037: result: no
configure:4007: checking for links
configure:4037: result: no
configure:4047: WARNING: You need some kind of text browser to build documentation \(w3m, lynx and links are supported\)
configure:4056: checking for db2html
configure:4086: result: no
configure:4056: checking for docbook2html
configure:4086: result: no
configure:4104: checking for rpm
configure:4134: result: no
configure:4155: checking for jade
configure:4185: result: no
configure:4155: checking for openjade
configure:4185: result: no
configure:4200: checking for man2html
configure:4230: result: no
configure:4255: checking for /usr/share/sgml/docbook/dsssl-stylesheets
configure:4255: checking for /usr/share/sgml/docbkdsl
configure:4255: checking for /usr/share/sgml/docbook-dsssl
configure:4255: checking for /usr/local/share/sgml/docbook/dsssl/modular
configure:4255: checking for /usr/share/sgml/docbook/stylesheet/dsssl/modular/
configure:4273: checking for /usr/share/sgml/CATALOG.docbk30
configure:4273: checking for /usr/share/sgml/CATALOG.docbk31
configure:4273: checking for /usr/share/sgml/CATALOG.docbk31
configure:4273: checking for /usr/local/share/sgml/docbook/3.0/docbook.cat
configure:4273: checking for /usr/local/share/sgml/docbook/3.1/docbook.cat
configure:4273: checking for /usr/share/sgml/docbook/dtd/3.1/docbook.cat
configure:4299: checking for grep that handles long lines and -e
configure:4357: result: /bin/grep
configure:4362: checking for egrep
configure:4424: result: /bin/grep -E
configure:4429: checking for ANSI C header files
configure:4449: gcc -c -pipe -O2   conftest.c 1>&5
configure:4449: $? = 0
configure:4522: gcc -o conftest -pipe -O2    conftest.c  1>&5
configure:4522: $? = 0
configure:4522: ./conftest
configure:4522: $? = 0
configure:4533: result: yes
configure:4546: checking for sys/types.h
configure:4546: gcc -c -pipe -O2   conftest.c 1>&5
configure:4546: $? = 0
configure:4546: result: yes
configure:4546: checking for sys/stat.h
configure:4546: gcc -c -pipe -O2   conftest.c 1>&5
configure:4546: $? = 0
configure:4546: result: yes
configure:4546: checking for stdlib.h
configure:4546: gcc -c -pipe -O2   conftest.c 1>&5
configure:4546: $? = 0
configure:4546: result: yes
configure:4546: checking for string.h
configure:4546: gcc -c -pipe -O2   conftest.c 1>&5
configure:4546: $? = 0
configure:4546: result: yes
configure:4546: checking for memory.h
configure:4546: gcc -c -pipe -O2   conftest.c 1>&5
configure:4546: $? = 0
configure:4546: result: yes
configure:4546: checking for strings.h
configure:4546: gcc -c -pipe -O2   conftest.c 1>&5
configure:4546: $? = 0
configure:4546: result: yes
configure:4546: checking for inttypes.h
configure:4546: gcc -c -pipe -O2   conftest.c 1>&5
configure:4546: $? = 0
configure:4546: result: yes
configure:4546: checking for stdint.h
configure:4546: gcc -c -pipe -O2   conftest.c 1>&5
configure:4546: $? = 0
configure:4546: result: yes
configure:4546: checking for unistd.h
configure:4546: gcc -c -pipe -O2   conftest.c 1>&5
configure:4546: $? = 0
configure:4546: result: yes
configure:4558: checking pthread.h usability
configure:4558: gcc -c -pipe -O2   conftest.c 1>&5
configure:4558: $? = 0
configure:4558: result: yes
configure:4558: checking pthread.h presence
configure:4558: gcc -E   conftest.c
configure:4558: $? = 0
configure:4558: result: yes
configure:4558: checking for pthread.h
configure:4558: result: yes
configure:4597: gcc -o conftest -pipe -O2  -pthread   conftest.c  1>&5
configure:4597: $? = 0
configure:4618: checking for gethostbyname in -lnsl
configure:4643: gcc -o conftest -pipe -O2    conftest.c -lnsl   1>&5
configure:4643: $? = 0
configure:4652: result: yes
configure:4664: checking for gethostbyaddr_r
configure:4664: gcc -o conftest -pipe -O2    conftest.c -lnsl  1>&5
configure:4664: $? = 0
configure:4664: result: yes
configure:4667: checking signature of gethostbyaddr_r
configure:4687: gcc -c -pipe -O2   conftest.c 1>&5
configure:4687: $? = 0
configure:4691: result: 8 args
configure:4771: checking for gethostbyname_r
configure:4771: gcc -o conftest -pipe -O2    conftest.c -lnsl  1>&5
configure:4771: $? = 0
configure:4771: result: yes
configure:4774: checking signature of gethostbyname_r
configure:4794: gcc -c -pipe -O2   conftest.c 1>&5
configure:4794: $? = 0
configure:4798: result: 6 args
configure:4877: checking for gmtime_r
configure:4877: gcc -o conftest -pipe -O2    conftest.c -lnsl  1>&5
configure:4877: $? = 0
configure:4877: result: yes
configure:4880: checking signature of gmtime_r
configure:4899: gcc -c -pipe -O2   conftest.c 1>&5
conftest.c: In function 'main':
conftest.c:37:5: warning: passing argument 1 of 'gmtime_r' from incompatible pointer type [enabled by default]
/usr/include/time.h:243:19: note: expected 'const time_t * __restrict__' but argument is of type 'struct time *'
configure:4899: $? = 0
configure:4901: result: ok
configure:4922: checking for localtime_r
configure:4922: gcc -o conftest -pipe -O2    conftest.c -lnsl  1>&5
configure:4922: $? = 0
configure:4922: result: yes
configure:4925: checking signature of localtime_r
configure:4944: gcc -c -pipe -O2   conftest.c 1>&5
conftest.c: In function 'main':
conftest.c:38:5: warning: passing argument 1 of 'localtime_r' from incompatible pointer type [enabled by default]
/usr/include/time.h:248:19: note: expected 'const time_t * __restrict__' but argument is of type 'struct time *'
configure:4944: $? = 0
configure:4946: result: ok
configure:4990: checking for socklen_t
configure:4999: result: yes
configure:5045: checking for ANSI C header files
configure:5149: result: yes
configure:5160: checking for dirent.h that defines DIR
configure:5179: gcc -c -pipe -O2   conftest.c 1>&5
configure:5179: $? = 0
configure:5187: result: yes
configure:5200: checking for library containing opendir
configure:5231: gcc -o conftest -pipe -O2    conftest.c -lnsl  1>&5
configure:5231: $? = 0
configure:5248: result: none required
configure:5315: checking for an ANSI C-conforming const
configure:5380: gcc -c -pipe -O2   conftest.c 1>&5
configure:5380: $? = 0
configure:5387: result: yes
configure:5395: checking for size_t
configure:5395: gcc -c -pipe -O2   conftest.c 1>&5
configure:5395: $? = 0
configure:5395: gcc -c -pipe -O2   conftest.c 1>&5
conftest.c: In function 'main':
conftest.c:68:21: error: expected expression before ')' token
configure:5395: $? = 1
configure: failed program was:
| /* confdefs.h */
| #define PACKAGE_NAME ""
| #define PACKAGE_TARNAME ""
| #define PACKAGE_VERSION ""
| #define PACKAGE_STRING ""
| #define PACKAGE_BUGREPORT ""
| #define PACKAGE_URL ""
| #define VERSION_MAJOR 3
| #define VERSION_MINOR 0
| #define VERSION_POINT 3
| #define VERSION "3.0.3"
| #define CODE_STATUS "stable"
| #define STDC_HEADERS 1
| #define HAVE_SYS_TYPES_H 1
| #define HAVE_SYS_STAT_H 1
| #define HAVE_STDLIB_H 1
| #define HAVE_STRING_H 1
| #define HAVE_MEMORY_H 1
| #define HAVE_STRINGS_H 1
| #define HAVE_INTTYPES_H 1
| #define HAVE_STDINT_H 1
| #define HAVE_UNISTD_H 1
| #define FEATURE_PTHREAD 1
| #define HAVE_LIBNSL 1
| #define HAVE_GETHOSTBYADDR_R_8_ARGS 1
| #define HAVE_GETHOSTBYNAME_R_6_ARGS 1
| #define HAVE_GMTIME_R 1
| #define HAVE_LOCALTIME_R 1
| #define STDC_HEADERS 1
| #define HAVE_DIRENT_H 1
| /* end confdefs.h.  */
| #include <stdio.h>
| #ifdef HAVE_SYS_TYPES_H
| # include <sys/types.h>
| #endif
| #ifdef HAVE_SYS_STAT_H
| # include <sys/stat.h>
| #endif
| #ifdef STDC_HEADERS
| # include <stdlib.h>
| # include <stddef.h>
| #else
| # ifdef HAVE_STDLIB_H
| #  include <stdlib.h>
| # endif
| #endif
| #ifdef HAVE_STRING_H
| # if !defined STDC_HEADERS && defined HAVE_MEMORY_H
| #  include <memory.h>
| # endif
| # include <string.h>
| #endif
| #ifdef HAVE_STRINGS_H
| # include <strings.h>
| #endif
| #ifdef HAVE_INTTYPES_H
| # include <inttypes.h>
| #endif
| #ifdef HAVE_STDINT_H
| # include <stdint.h>
| #endif
| #ifdef HAVE_UNISTD_H
| # include <unistd.h>
| #endif
| int
| main ()
| {
| if (sizeof ((size_t)))
| 	    return 0;
|   ;
|   return 0;
| }
configure:5395: result: yes
configure:5406: checking for pid_t
configure:5406: gcc -c -pipe -O2   conftest.c 1>&5
configure:5406: $? = 0
configure:5406: gcc -c -pipe -O2   conftest.c 1>&5
conftest.c: In function 'main':
conftest.c:68:20: error: expected expression before ')' token
configure:5406: $? = 1
configure: failed program was:
| /* confdefs.h */
| #define PACKAGE_NAME ""
| #define PACKAGE_TARNAME ""
| #define PACKAGE_VERSION ""
| #define PACKAGE_STRING ""
| #define PACKAGE_BUGREPORT ""
| #define PACKAGE_URL ""
| #define VERSION_MAJOR 3
| #define VERSION_MINOR 0
| #define VERSION_POINT 3
| #define VERSION "3.0.3"
| #define CODE_STATUS "stable"
| #define STDC_HEADERS 1
| #define HAVE_SYS_TYPES_H 1
| #define HAVE_SYS_STAT_H 1
| #define HAVE_STDLIB_H 1
| #define HAVE_STRING_H 1
| #define HAVE_MEMORY_H 1
| #define HAVE_STRINGS_H 1
| #define HAVE_INTTYPES_H 1
| #define HAVE_STDINT_H 1
| #define HAVE_UNISTD_H 1
| #define FEATURE_PTHREAD 1
| #define HAVE_LIBNSL 1
| #define HAVE_GETHOSTBYADDR_R_8_ARGS 1
| #define HAVE_GETHOSTBYNAME_R_6_ARGS 1
| #define HAVE_GMTIME_R 1
| #define HAVE_LOCALTIME_R 1
| #define STDC_HEADERS 1
| #define HAVE_DIRENT_H 1
| /* end confdefs.h.  */
| #include <stdio.h>
| #ifdef HAVE_SYS_TYPES_H
| # include <sys/types.h>
| #endif
| #ifdef HAVE_SYS_STAT_H
| # include <sys/stat.h>
| #endif
| #ifdef STDC_HEADERS
| # include <stdlib.h>
| # include <stddef.h>
| #else
| # ifdef HAVE_STDLIB_H
| #  include <stdlib.h>
| # endif
| #endif
| #ifdef HAVE_STRING_H
| # if !defined STDC_HEADERS && defined HAVE_MEMORY_H
| #  include <memory.h>
| # endif
| # include <string.h>
| #endif
| #ifdef HAVE_STRINGS_H
| # include <strings.h>
| #endif
| #ifdef HAVE_INTTYPES_H
| # include <inttypes.h>
| #endif
| #ifdef HAVE_STDINT_H
| # include <stdint.h>
| #endif
| #ifdef HAVE_UNISTD_H
| # include <unistd.h>
| #endif
| int
| main ()
| {
| if (sizeof ((pid_t)))
| 	    return 0;
|   ;
|   return 0;
| }
configure:5406: result: yes
configure:5417: checking whether time.h and sys/time.h may both be included
configure:5437: gcc -c -pipe -O2   conftest.c 1>&5
configure:5437: $? = 0
configure:5444: result: yes
configure:5452: checking whether struct tm is in sys/time.h or time.h
configure:5472: gcc -c -pipe -O2   conftest.c 1>&5
configure:5472: $? = 0
configure:5479: result: time.h
configure:5491: checking size of int
configure:5496: gcc -o conftest -pipe -O2    conftest.c -lnsl  1>&5
configure:5496: $? = 0
configure:5496: ./conftest
configure:5496: $? = 0
configure:5510: result: 4
configure:5524: checking size of char *
configure:5529: gcc -o conftest -pipe -O2    conftest.c -lnsl  1>&5
configure:5529: $? = 0
configure:5529: ./conftest
configure:5529: $? = 0
configure:5543: result: 4
configure:5557: checking size of long
configure:5562: gcc -o conftest -pipe -O2    conftest.c -lnsl  1>&5
configure:5562: $? = 0
configure:5562: ./conftest
configure:5562: $? = 0
configure:5576: result: 4
configure:5590: checking size of long long
configure:5595: gcc -o conftest -pipe -O2    conftest.c -lnsl  1>&5
configure:5595: $? = 0
configure:5595: ./conftest
configure:5595: $? = 0
configure:5609: result: 8
configure:5623: checking size of size_t
configure:5628: gcc -o conftest -pipe -O2    conftest.c -lnsl  1>&5
configure:5628: $? = 0
configure:5628: ./conftest
configure:5628: $? = 0
configure:5642: result: 4
configure:5656: checking OS.h usability
configure:5656: gcc -c -pipe -O2   conftest.c 1>&5
conftest.c:71:16: fatal error: OS.h: No such file or directory
compilation terminated.
configure:5656: $? = 1
configure: failed program was:
| /* confdefs.h */
| #define PACKAGE_NAME ""
| #define PACKAGE_TARNAME ""
| #define PACKAGE_VERSION ""
| #define PACKAGE_STRING ""
| #define PACKAGE_BUGREPORT ""
| #define PACKAGE_URL ""
| #define VERSION_MAJOR 3
| #define VERSION_MINOR 0
| #define VERSION_POINT 3
| #define VERSION "3.0.3"
| #define CODE_STATUS "stable"
| #define STDC_HEADERS 1
| #define HAVE_SYS_TYPES_H 1
| #define HAVE_SYS_STAT_H 1
| #define HAVE_STDLIB_H 1
| #define HAVE_STRING_H 1
| #define HAVE_MEMORY_H 1
| #define HAVE_STRINGS_H 1
| #define HAVE_INTTYPES_H 1
| #define HAVE_STDINT_H 1
| #define HAVE_UNISTD_H 1
| #define FEATURE_PTHREAD 1
| #define HAVE_LIBNSL 1
| #define HAVE_GETHOSTBYADDR_R_8_ARGS 1
| #define HAVE_GETHOSTBYNAME_R_6_ARGS 1
| #define HAVE_GMTIME_R 1
| #define HAVE_LOCALTIME_R 1
| #define STDC_HEADERS 1
| #define HAVE_DIRENT_H 1
| #define TIME_WITH_SYS_TIME 1
| #define SIZEOF_INT 4
| #define SIZEOF_CHAR_P 4
| #define SIZEOF_LONG 4
| #define SIZEOF_LONG_LONG 8
| #define SIZEOF_SIZE_T 4
| /* end confdefs.h.  */
| #include <stdio.h>
| #ifdef HAVE_SYS_TYPES_H
| # include <sys/types.h>
| #endif
| #ifdef HAVE_SYS_STAT_H
| # include <sys/stat.h>
| #endif
| #ifdef STDC_HEADERS
| # include <stdlib.h>
| # include <stddef.h>
| #else
| # ifdef HAVE_STDLIB_H
| #  include <stdlib.h>
| # endif
| #endif
| #ifdef HAVE_STRING_H
| # if !defined STDC_HEADERS && defined HAVE_MEMORY_H
| #  include <memory.h>
| # endif
| # include <string.h>
| #endif
| #ifdef HAVE_STRINGS_H
| # include <strings.h>
| #endif
| #ifdef HAVE_INTTYPES_H
| # include <inttypes.h>
| #endif
| #ifdef HAVE_STDINT_H
| # include <stdint.h>
| #endif
| #ifdef HAVE_UNISTD_H
| # include <unistd.h>
| #endif
| #include <OS.h>
configure:5656: result: no
configure:5656: checking OS.h presence
configure:5656: gcc -E  -pthread conftest.c
conftest.c:38:16: fatal error: OS.h: No such file or directory
compilation terminated.
configure:5656: $? = 1
configure: failed program was:
| /* confdefs.h */
| #define PACKAGE_NAME ""
| #define PACKAGE_TARNAME ""
| #define PACKAGE_VERSION ""
| #define PACKAGE_STRING ""
| #define PACKAGE_BUGREPORT ""
| #define PACKAGE_URL ""
| #define VERSION_MAJOR 3
| #define VERSION_MINOR 0
| #define VERSION_POINT 3
| #define VERSION "3.0.3"
| #define CODE_STATUS "stable"
| #define STDC_HEADERS 1
| #define HAVE_SYS_TYPES_H 1
| #define HAVE_SYS_STAT_H 1
| #define HAVE_STDLIB_H 1
| #define HAVE_STRING_H 1
| #define HAVE_MEMORY_H 1
| #define HAVE_STRINGS_H 1
| #define HAVE_INTTYPES_H 1
| #define HAVE_STDINT_H 1
| #define HAVE_UNISTD_H 1
| #define FEATURE_PTHREAD 1
| #define HAVE_LIBNSL 1
| #define HAVE_GETHOSTBYADDR_R_8_ARGS 1
| #define HAVE_GETHOSTBYNAME_R_6_ARGS 1
| #define HAVE_GMTIME_R 1
| #define HAVE_LOCALTIME_R 1
| #define STDC_HEADERS 1
| #define HAVE_DIRENT_H 1
| #define TIME_WITH_SYS_TIME 1
| #define SIZEOF_INT 4
| #define SIZEOF_CHAR_P 4
| #define SIZEOF_LONG 4
| #define SIZEOF_LONG_LONG 8
| #define SIZEOF_SIZE_T 4
| /* end confdefs.h.  */
| #include <OS.h>
configure:5656: result: no
configure:5656: checking for OS.h
configure:5656: result: no
configure:5656: checking arpa/inet.h usability
configure:5656: gcc -c -pipe -O2   conftest.c 1>&5
configure:5656: $? = 0
configure:5656: result: yes
configure:5656: checking arpa/inet.h presence
configure:5656: gcc -E  -pthread conftest.c
configure:5656: $? = 0
configure:5656: result: yes
configure:5656: checking for arpa/inet.h
configure:5656: result: yes
configure:5656: checking errno.h usability
configure:5656: gcc -c -pipe -O2   conftest.c 1>&5
configure:5656: $? = 0
configure:5656: result: yes
configure:5656: checking errno.h presence
configure:5656: gcc -E  -pthread conftest.c
configure:5656: $? = 0
configure:5656: result: yes
configure:5656: checking for errno.h
configure:5656: result: yes
configure:5656: checking fcntl.h usability
configure:5656: gcc -c -pipe -O2   conftest.c 1>&5
configure:5656: $? = 0
configure:5656: result: yes
configure:5656: checking fcntl.h presence
configure:5656: gcc -E  -pthread conftest.c
configure:5656: $? = 0
configure:5656: result: yes
configure:5656: checking for fcntl.h
configure:5656: result: yes
configure:5656: checking limits.h usability
configure:5656: gcc -c -pipe -O2   conftest.c 1>&5
configure:5656: $? = 0
configure:5656: result: yes
configure:5656: checking limits.h presence
configure:5656: gcc -E  -pthread conftest.c
configure:5656: $? = 0
configure:5656: result: yes
configure:5656: checking for limits.h
configure:5656: result: yes
configure:5656: checking locale.h usability
configure:5656: gcc -c -pipe -O2   conftest.c 1>&5
configure:5656: $? = 0
configure:5656: result: yes
configure:5656: checking locale.h presence
configure:5656: gcc -E  -pthread conftest.c
configure:5656: $? = 0
configure:5656: result: yes
configure:5656: checking for locale.h
configure:5656: result: yes
configure:5656: checking netdb.h usability
configure:5656: gcc -c -pipe -O2   conftest.c 1>&5
configure:5656: $? = 0
configure:5656: result: yes
configure:5656: checking netdb.h presence
configure:5656: gcc -E  -pthread conftest.c
configure:5656: $? = 0
configure:5656: result: yes
configure:5656: checking for netdb.h
configure:5656: result: yes
configure:5656: checking netinet/in.h usability
configure:5656: gcc -c -pipe -O2   conftest.c 1>&5
configure:5656: $? = 0
configure:5656: result: yes
configure:5656: checking netinet/in.h presence
configure:5656: gcc -E  -pthread conftest.c
configure:5656: $? = 0
configure:5656: result: yes
configure:5656: checking for netinet/in.h
configure:5656: result: yes
configure:5656: checking stddef.h usability
configure:5656: gcc -c -pipe -O2   conftest.c 1>&5
configure:5656: $? = 0
configure:5656: result: yes
configure:5656: checking stddef.h presence
configure:5656: gcc -E  -pthread conftest.c
configure:5656: $? = 0
configure:5656: result: yes
configure:5656: checking for stddef.h
configure:5656: result: yes
configure:5656: checking for stdlib.h
configure:5656: result: yes
configure:5656: checking for string.h
configure:5656: result: yes
configure:5656: checking sys/ioctl.h usability
configure:5656: gcc -c -pipe -O2   conftest.c 1>&5
configure:5656: $? = 0
configure:5656: result: yes
configure:5656: checking sys/ioctl.h presence
configure:5656: gcc -E  -pthread conftest.c
configure:5656: $? = 0
configure:5656: result: yes
configure:5656: checking for sys/ioctl.h
configure:5656: result: yes
configure:5656: checking sys/socket.h usability
configure:5656: gcc -c -pipe -O2   conftest.c 1>&5
configure:5656: $? = 0
configure:5656: result: yes
configure:5656: checking sys/socket.h presence
configure:5656: gcc -E  -pthread conftest.c
configure:5656: $? = 0
configure:5656: result: yes
configure:5656: checking for sys/socket.h
configure:5656: result: yes
configure:5656: checking sys/time.h usability
configure:5656: gcc -c -pipe -O2   conftest.c 1>&5
configure:5656: $? = 0
configure:5656: result: yes
configure:5656: checking sys/time.h presence
configure:5656: gcc -E  -pthread conftest.c
configure:5656: $? = 0
configure:5656: result: yes
configure:5656: checking for sys/time.h
configure:5656: result: yes
configure:5656: checking sys/timeb.h usability
configure:5656: gcc -c -pipe -O2   conftest.c 1>&5
configure:5656: $? = 0
configure:5656: result: yes
configure:5656: checking sys/timeb.h presence
configure:5656: gcc -E  -pthread conftest.c
configure:5656: $? = 0
configure:5656: result: yes
configure:5656: checking for sys/timeb.h
configure:5656: result: yes
configure:5656: checking sys/wait.h usability
configure:5656: gcc -c -pipe -O2   conftest.c 1>&5
configure:5656: $? = 0
configure:5656: result: yes
configure:5656: checking sys/wait.h presence
configure:5656: gcc -E  -pthread conftest.c
configure:5656: $? = 0
configure:5656: result: yes
configure:5656: checking for sys/wait.h
configure:5656: result: yes
configure:5656: checking for unistd.h
configure:5656: result: yes
configure:5670: checking for strerror
configure:5670: gcc -o conftest -pipe -O2    conftest.c -lnsl  1>&5
configure:5670: $? = 0
configure:5670: result: yes
configure:5670: checking for bcopy
configure:5670: gcc -o conftest -pipe -O2    conftest.c -lnsl  1>&5
conftest.c:78:6: warning: conflicting types for built-in function 'bcopy' [enabled by default]
configure:5670: $? = 0
configure:5670: result: yes
configure:5670: checking for memmove
configure:5670: gcc -o conftest -pipe -O2    conftest.c -lnsl  1>&5
conftest.c:79:6: warning: conflicting types for built-in function 'memmove' [enabled by default]
configure:5670: $? = 0
configure:5670: result: yes
configure:5680: checking whether gcc needs -traditional
configure:5714: result: no
configure:5721: checking whether setpgrp takes no argument
configure:5743: gcc -o conftest -pipe -O2    conftest.c -lnsl  1>&5
conftest.c: In function 'main':
conftest.c:96:3: error: too many arguments to function 'setpgrp'
/usr/include/unistd.h:673:12: note: declared here
configure:5743: $? = 1
configure: program exited with status 1
configure: failed program was:
| /* confdefs.h */
| #define PACKAGE_NAME ""
| #define PACKAGE_TARNAME ""
| #define PACKAGE_VERSION ""
| #define PACKAGE_STRING ""
| #define PACKAGE_BUGREPORT ""
| #define PACKAGE_URL ""
| #define VERSION_MAJOR 3
| #define VERSION_MINOR 0
| #define VERSION_POINT 3
| #define VERSION "3.0.3"
| #define CODE_STATUS "stable"
| #define STDC_HEADERS 1
| #define HAVE_SYS_TYPES_H 1
| #define HAVE_SYS_STAT_H 1
| #define HAVE_STDLIB_H 1
| #define HAVE_STRING_H 1
| #define HAVE_MEMORY_H 1
| #define HAVE_STRINGS_H 1
| #define HAVE_INTTYPES_H 1
| #define HAVE_STDINT_H 1
| #define HAVE_UNISTD_H 1
| #define FEATURE_PTHREAD 1
| #define HAVE_LIBNSL 1
| #define HAVE_GETHOSTBYADDR_R_8_ARGS 1
| #define HAVE_GETHOSTBYNAME_R_6_ARGS 1
| #define HAVE_GMTIME_R 1
| #define HAVE_LOCALTIME_R 1
| #define STDC_HEADERS 1
| #define HAVE_DIRENT_H 1
| #define TIME_WITH_SYS_TIME 1
| #define SIZEOF_INT 4
| #define SIZEOF_CHAR_P 4
| #define SIZEOF_LONG 4
| #define SIZEOF_LONG_LONG 8
| #define SIZEOF_SIZE_T 4
| #define HAVE_ARPA_INET_H 1
| #define HAVE_ERRNO_H 1
| #define HAVE_FCNTL_H 1
| #define HAVE_LIMITS_H 1
| #define HAVE_LOCALE_H 1
| #define HAVE_NETDB_H 1
| #define HAVE_NETINET_IN_H 1
| #define HAVE_STDDEF_H 1
| #define HAVE_STDLIB_H 1
| #define HAVE_STRING_H 1
| #define HAVE_SYS_IOCTL_H 1
| #define HAVE_SYS_SOCKET_H 1
| #define HAVE_SYS_TIME_H 1
| #define HAVE_SYS_TIMEB_H 1
| #define HAVE_SYS_WAIT_H 1
| #define HAVE_UNISTD_H 1
| #define HAVE_STRERROR 1
| #define HAVE_BCOPY 1
| #define HAVE_MEMMOVE 1
| /* end confdefs.h.  */
| #include <stdio.h>
| #ifdef HAVE_SYS_TYPES_H
| # include <sys/types.h>
| #endif
| #ifdef HAVE_SYS_STAT_H
| # include <sys/stat.h>
| #endif
| #ifdef STDC_HEADERS
| # include <stdlib.h>
| # include <stddef.h>
| #else
| # ifdef HAVE_STDLIB_H
| #  include <stdlib.h>
| # endif
| #endif
| #ifdef HAVE_STRING_H
| # if !defined STDC_HEADERS && defined HAVE_MEMORY_H
| #  include <memory.h>
| # endif
| # include <string.h>
| #endif
| #ifdef HAVE_STRINGS_H
| # include <strings.h>
| #endif
| #ifdef HAVE_INTTYPES_H
| # include <inttypes.h>
| #endif
| #ifdef HAVE_STDINT_H
| # include <stdint.h>
| #endif
| #ifdef HAVE_UNISTD_H
| # include <unistd.h>
| #endif
| int
| main ()
| {
| /* If this system has a BSD-style setpgrp which takes arguments,
|   setpgrp(1, 1) will fail with ESRCH and return -1, in that case
|   exit successfully. */
|   return setpgrp (1,1) != -1;
|   ;
|   return 0;
| }
configure:5753: result: yes
configure:5761: checking return type of signal handlers
configure:5779: gcc -c -pipe -O2   conftest.c 1>&5
conftest.c: In function 'main':
conftest.c:64:1: error: void value not ignored as it ought to be
configure:5779: $? = 1
configure: failed program was:
| /* confdefs.h */
| #define PACKAGE_NAME ""
| #define PACKAGE_TARNAME ""
| #define PACKAGE_VERSION ""
| #define PACKAGE_STRING ""
| #define PACKAGE_BUGREPORT ""
| #define PACKAGE_URL ""
| #define VERSION_MAJOR 3
| #define VERSION_MINOR 0
| #define VERSION_POINT 3
| #define VERSION "3.0.3"
| #define CODE_STATUS "stable"
| #define STDC_HEADERS 1
| #define HAVE_SYS_TYPES_H 1
| #define HAVE_SYS_STAT_H 1
| #define HAVE_STDLIB_H 1
| #define HAVE_STRING_H 1
| #define HAVE_MEMORY_H 1
| #define HAVE_STRINGS_H 1
| #define HAVE_INTTYPES_H 1
| #define HAVE_STDINT_H 1
| #define HAVE_UNISTD_H 1
| #define FEATURE_PTHREAD 1
| #define HAVE_LIBNSL 1
| #define HAVE_GETHOSTBYADDR_R_8_ARGS 1
| #define HAVE_GETHOSTBYNAME_R_6_ARGS 1
| #define HAVE_GMTIME_R 1
| #define HAVE_LOCALTIME_R 1
| #define STDC_HEADERS 1
| #define HAVE_DIRENT_H 1
| #define TIME_WITH_SYS_TIME 1
| #define SIZEOF_INT 4
| #define SIZEOF_CHAR_P 4
| #define SIZEOF_LONG 4
| #define SIZEOF_LONG_LONG 8
| #define SIZEOF_SIZE_T 4
| #define HAVE_ARPA_INET_H 1
| #define HAVE_ERRNO_H 1
| #define HAVE_FCNTL_H 1
| #define HAVE_LIMITS_H 1
| #define HAVE_LOCALE_H 1
| #define HAVE_NETDB_H 1
| #define HAVE_NETINET_IN_H 1
| #define HAVE_STDDEF_H 1
| #define HAVE_STDLIB_H 1
| #define HAVE_STRING_H 1
| #define HAVE_SYS_IOCTL_H 1
| #define HAVE_SYS_SOCKET_H 1
| #define HAVE_SYS_TIME_H 1
| #define HAVE_SYS_TIMEB_H 1
| #define HAVE_SYS_WAIT_H 1
| #define HAVE_UNISTD_H 1
| #define HAVE_STRERROR 1
| #define HAVE_BCOPY 1
| #define HAVE_MEMMOVE 1
| #define SETPGRP_VOID 1
| /* end confdefs.h.  */
| #include <sys/types.h>
| #include <signal.h>
| 
| int
| main ()
| {
| return *(signal (0, 0)) (0) == 1;
|   ;
|   return 0;
| }
configure:5786: result: void
configure:5797: checking for atexit
configure:5797: gcc -o conftest -pipe -O2    conftest.c -lnsl  1>&5
configure:5797: $? = 0
configure:5797: result: yes
configure:5797: checking for getcwd
configure:5797: gcc -o conftest -pipe -O2    conftest.c -lnsl  1>&5
configure:5797: $? = 0
configure:5797: result: yes
configure:5797: checking for gethostbyaddr
configure:5797: gcc -o conftest -pipe -O2    conftest.c -lnsl  1>&5
configure:5797: $? = 0
configure:5797: result: yes
configure:5797: checking for gethostbyname
configure:5797: gcc -o conftest -pipe -O2    conftest.c -lnsl  1>&5
configure:5797: $? = 0
configure:5797: result: yes
configure:5797: checking for inet_ntoa
configure:5797: gcc -o conftest -pipe -O2    conftest.c -lnsl  1>&5
configure:5797: $? = 0
configure:5797: result: yes
configure:5797: checking for localtime_r
configure:5797: result: yes
configure:5797: checking for memchr
configure:5797: gcc -o conftest -pipe -O2    conftest.c -lnsl  1>&5
conftest.c:88:6: warning: conflicting types for built-in function 'memchr' [enabled by default]
configure:5797: $? = 0
configure:5797: result: yes
configure:5797: checking for memmove
configure:5797: result: yes
configure:5797: checking for memset
configure:5797: gcc -o conftest -pipe -O2    conftest.c -lnsl  1>&5
conftest.c:90:6: warning: conflicting types for built-in function 'memset' [enabled by default]
configure:5797: $? = 0
configure:5797: result: yes
configure:5797: checking for regcomp
configure:5797: gcc -o conftest -pipe -O2    conftest.c -lnsl  1>&5
configure:5797: $? = 0
configure:5797: result: yes
configure:5797: checking for select
configure:5797: gcc -o conftest -pipe -O2    conftest.c -lnsl  1>&5
configure:5797: $? = 0
configure:5797: result: yes
configure:5797: checking for setlocale
configure:5797: gcc -o conftest -pipe -O2    conftest.c -lnsl  1>&5
configure:5797: $? = 0
configure:5797: result: yes
configure:5797: checking for socket
configure:5797: gcc -o conftest -pipe -O2    conftest.c -lnsl  1>&5
configure:5797: $? = 0
configure:5797: result: yes
configure:5797: checking for strchr
configure:5797: gcc -o conftest -pipe -O2    conftest.c -lnsl  1>&5
conftest.c:95:6: warning: conflicting types for built-in function 'strchr' [enabled by default]
configure:5797: $? = 0
configure:5797: result: yes
configure:5797: checking for strdup
configure:5797: gcc -o conftest -pipe -O2    conftest.c -lnsl  1>&5
conftest.c:96:6: warning: conflicting types for built-in function 'strdup' [enabled by default]
configure:5797: $? = 0
configure:5797: result: yes
configure:5797: checking for strerror
configure:5797: result: yes
configure:5797: checking for strftime
configure:5797: gcc -o conftest -pipe -O2    conftest.c -lnsl  1>&5
conftest.c:98:6: warning: conflicting types for built-in function 'strftime' [enabled by default]
configure:5797: $? = 0
configure:5797: result: yes
configure:5797: checking for strstr
configure:5797: gcc -o conftest -pipe -O2    conftest.c -lnsl  1>&5
conftest.c:99:6: warning: conflicting types for built-in function 'strstr' [enabled by default]
configure:5797: $? = 0
configure:5797: result: yes
configure:5797: checking for strtoul
configure:5797: gcc -o conftest -pipe -O2    conftest.c -lnsl  1>&5
configure:5797: $? = 0
configure:5797: result: yes
configure:5808: checking for pcre_compile in -lpcre
configure:5833: gcc -o conftest -pipe -O2    conftest.c -lpcre  -lnsl  1>&5
/usr/bin/ld: cannot find -lpcre
collect2: ld returned 1 exit status
configure:5833: $? = 1
configure: failed program was:
| /* confdefs.h */
| #define PACKAGE_NAME ""
| #define PACKAGE_TARNAME ""
| #define PACKAGE_VERSION ""
| #define PACKAGE_STRING ""
| #define PACKAGE_BUGREPORT ""
| #define PACKAGE_URL ""
| #define VERSION_MAJOR 3
| #define VERSION_MINOR 0
| #define VERSION_POINT 3
| #define VERSION "3.0.3"
| #define CODE_STATUS "stable"
| #define STDC_HEADERS 1
| #define HAVE_SYS_TYPES_H 1
| #define HAVE_SYS_STAT_H 1
| #define HAVE_STDLIB_H 1
| #define HAVE_STRING_H 1
| #define HAVE_MEMORY_H 1
| #define HAVE_STRINGS_H 1
| #define HAVE_INTTYPES_H 1
| #define HAVE_STDINT_H 1
| #define HAVE_UNISTD_H 1
| #define FEATURE_PTHREAD 1
| #define HAVE_LIBNSL 1
| #define HAVE_GETHOSTBYADDR_R_8_ARGS 1
| #define HAVE_GETHOSTBYNAME_R_6_ARGS 1
| #define HAVE_GMTIME_R 1
| #define HAVE_LOCALTIME_R 1
| #define STDC_HEADERS 1
| #define HAVE_DIRENT_H 1
| #define TIME_WITH_SYS_TIME 1
| #define SIZEOF_INT 4
| #define SIZEOF_CHAR_P 4
| #define SIZEOF_LONG 4
| #define SIZEOF_LONG_LONG 8
| #define SIZEOF_SIZE_T 4
| #define HAVE_ARPA_INET_H 1
| #define HAVE_ERRNO_H 1
| #define HAVE_FCNTL_H 1
| #define HAVE_LIMITS_H 1
| #define HAVE_LOCALE_H 1
| #define HAVE_NETDB_H 1
| #define HAVE_NETINET_IN_H 1
| #define HAVE_STDDEF_H 1
| #define HAVE_STDLIB_H 1
| #define HAVE_STRING_H 1
| #define HAVE_SYS_IOCTL_H 1
| #define HAVE_SYS_SOCKET_H 1
| #define HAVE_SYS_TIME_H 1
| #define HAVE_SYS_TIMEB_H 1
| #define HAVE_SYS_WAIT_H 1
| #define HAVE_UNISTD_H 1
| #define HAVE_STRERROR 1
| #define HAVE_BCOPY 1
| #define HAVE_MEMMOVE 1
| #define SETPGRP_VOID 1
| #define RETSIGTYPE void
| #define HAVE_ATEXIT 1
| #define HAVE_GETCWD 1
| #define HAVE_GETHOSTBYADDR 1
| #define HAVE_GETHOSTBYNAME 1
| #define HAVE_INET_NTOA 1
| #define HAVE_LOCALTIME_R 1
| #define HAVE_MEMCHR 1
| #define HAVE_MEMMOVE 1
| #define HAVE_MEMSET 1
| #define HAVE_REGCOMP 1
| #define HAVE_SELECT 1
| #define HAVE_SETLOCALE 1
| #define HAVE_SOCKET 1
| #define HAVE_STRCHR 1
| #define HAVE_STRDUP 1
| #define HAVE_STRERROR 1
| #define HAVE_STRFTIME 1
| #define HAVE_STRSTR 1
| #define HAVE_STRTOUL 1
| /* end confdefs.h.  */
| 
| /* Override any GCC internal prototype to avoid an error.
|    Use char because int might match the return type of a GCC
|    builtin and then its argument prototype would still apply.  */
| #ifdef __cplusplus
| extern "C"
| #endif
| char pcre_compile ();
| int
| main ()
| {
| return pcre_compile ();
|   ;
|   return 0;
| }
configure:5842: result: no
configure:5900: checking for regcomp in -lpcreposix
configure:5925: gcc -o conftest -pipe -O2    conftest.c -lpcreposix -lpcre -lnsl  1>&5
/usr/bin/ld: cannot find -lpcreposix
/usr/bin/ld: cannot find -lpcre
collect2: ld returned 1 exit status
configure:5925: $? = 1
configure: failed program was:
| /* confdefs.h */
| #define PACKAGE_NAME ""
| #define PACKAGE_TARNAME ""
| #define PACKAGE_VERSION ""
| #define PACKAGE_STRING ""
| #define PACKAGE_BUGREPORT ""
| #define PACKAGE_URL ""
| #define VERSION_MAJOR 3
| #define VERSION_MINOR 0
| #define VERSION_POINT 3
| #define VERSION "3.0.3"
| #define CODE_STATUS "stable"
| #define STDC_HEADERS 1
| #define HAVE_SYS_TYPES_H 1
| #define HAVE_SYS_STAT_H 1
| #define HAVE_STDLIB_H 1
| #define HAVE_STRING_H 1
| #define HAVE_MEMORY_H 1
| #define HAVE_STRINGS_H 1
| #define HAVE_INTTYPES_H 1
| #define HAVE_STDINT_H 1
| #define HAVE_UNISTD_H 1
| #define FEATURE_PTHREAD 1
| #define HAVE_LIBNSL 1
| #define HAVE_GETHOSTBYADDR_R_8_ARGS 1
| #define HAVE_GETHOSTBYNAME_R_6_ARGS 1
| #define HAVE_GMTIME_R 1
| #define HAVE_LOCALTIME_R 1
| #define STDC_HEADERS 1
| #define HAVE_DIRENT_H 1
| #define TIME_WITH_SYS_TIME 1
| #define SIZEOF_INT 4
| #define SIZEOF_CHAR_P 4
| #define SIZEOF_LONG 4
| #define SIZEOF_LONG_LONG 8
| #define SIZEOF_SIZE_T 4
| #define HAVE_ARPA_INET_H 1
| #define HAVE_ERRNO_H 1
| #define HAVE_FCNTL_H 1
| #define HAVE_LIMITS_H 1
| #define HAVE_LOCALE_H 1
| #define HAVE_NETDB_H 1
| #define HAVE_NETINET_IN_H 1
| #define HAVE_STDDEF_H 1
| #define HAVE_STDLIB_H 1
| #define HAVE_STRING_H 1
| #define HAVE_SYS_IOCTL_H 1
| #define HAVE_SYS_SOCKET_H 1
| #define HAVE_SYS_TIME_H 1
| #define HAVE_SYS_TIMEB_H 1
| #define HAVE_SYS_WAIT_H 1
| #define HAVE_UNISTD_H 1
| #define HAVE_STRERROR 1
| #define HAVE_BCOPY 1
| #define HAVE_MEMMOVE 1
| #define SETPGRP_VOID 1
| #define RETSIGTYPE void
| #define HAVE_ATEXIT 1
| #define HAVE_GETCWD 1
| #define HAVE_GETHOSTBYADDR 1
| #define HAVE_GETHOSTBYNAME 1
| #define HAVE_INET_NTOA 1
| #define HAVE_LOCALTIME_R 1
| #define HAVE_MEMCHR 1
| #define HAVE_MEMMOVE 1
| #define HAVE_MEMSET 1
| #define HAVE_REGCOMP 1
| #define HAVE_SELECT 1
| #define HAVE_SETLOCALE 1
| #define HAVE_SOCKET 1
| #define HAVE_STRCHR 1
| #define HAVE_STRDUP 1
| #define HAVE_STRERROR 1
| #define HAVE_STRFTIME 1
| #define HAVE_STRSTR 1
| #define HAVE_STRTOUL 1
| /* end confdefs.h.  */
| 
| /* Override any GCC internal prototype to avoid an error.
|    Use char because int might match the return type of a GCC
|    builtin and then its argument prototype would still apply.  */
| #ifdef __cplusplus
| extern "C"
| #endif
| char regcomp ();
| int
| main ()
| {
| return regcomp ();
|   ;
|   return 0;
| }
configure:5934: result: no
configure:5992: checking for pcrs_compile in -lpcrs
configure:6017: gcc -o conftest -pipe -O2    conftest.c -lpcrs -lpcre -lnsl  1>&5
/usr/bin/ld: cannot find -lpcrs
/usr/bin/ld: cannot find -lpcre
collect2: ld returned 1 exit status
configure:6017: $? = 1
configure: failed program was:
| /* confdefs.h */
| #define PACKAGE_NAME ""
| #define PACKAGE_TARNAME ""
| #define PACKAGE_VERSION ""
| #define PACKAGE_STRING ""
| #define PACKAGE_BUGREPORT ""
| #define PACKAGE_URL ""
| #define VERSION_MAJOR 3
| #define VERSION_MINOR 0
| #define VERSION_POINT 3
| #define VERSION "3.0.3"
| #define CODE_STATUS "stable"
| #define STDC_HEADERS 1
| #define HAVE_SYS_TYPES_H 1
| #define HAVE_SYS_STAT_H 1
| #define HAVE_STDLIB_H 1
| #define HAVE_STRING_H 1
| #define HAVE_MEMORY_H 1
| #define HAVE_STRINGS_H 1
| #define HAVE_INTTYPES_H 1
| #define HAVE_STDINT_H 1
| #define HAVE_UNISTD_H 1
| #define FEATURE_PTHREAD 1
| #define HAVE_LIBNSL 1
| #define HAVE_GETHOSTBYADDR_R_8_ARGS 1
| #define HAVE_GETHOSTBYNAME_R_6_ARGS 1
| #define HAVE_GMTIME_R 1
| #define HAVE_LOCALTIME_R 1
| #define STDC_HEADERS 1
| #define HAVE_DIRENT_H 1
| #define TIME_WITH_SYS_TIME 1
| #define SIZEOF_INT 4
| #define SIZEOF_CHAR_P 4
| #define SIZEOF_LONG 4
| #define SIZEOF_LONG_LONG 8
| #define SIZEOF_SIZE_T 4
| #define HAVE_ARPA_INET_H 1
| #define HAVE_ERRNO_H 1
| #define HAVE_FCNTL_H 1
| #define HAVE_LIMITS_H 1
| #define HAVE_LOCALE_H 1
| #define HAVE_NETDB_H 1
| #define HAVE_NETINET_IN_H 1
| #define HAVE_STDDEF_H 1
| #define HAVE_STDLIB_H 1
| #define HAVE_STRING_H 1
| #define HAVE_SYS_IOCTL_H 1
| #define HAVE_SYS_SOCKET_H 1
| #define HAVE_SYS_TIME_H 1
| #define HAVE_SYS_TIMEB_H 1
| #define HAVE_SYS_WAIT_H 1
| #define HAVE_UNISTD_H 1
| #define HAVE_STRERROR 1
| #define HAVE_BCOPY 1
| #define HAVE_MEMMOVE 1
| #define SETPGRP_VOID 1
| #define RETSIGTYPE void
| #define HAVE_ATEXIT 1
| #define HAVE_GETCWD 1
| #define HAVE_GETHOSTBYADDR 1
| #define HAVE_GETHOSTBYNAME 1
| #define HAVE_INET_NTOA 1
| #define HAVE_LOCALTIME_R 1
| #define HAVE_MEMCHR 1
| #define HAVE_MEMMOVE 1
| #define HAVE_MEMSET 1
| #define HAVE_REGCOMP 1
| #define HAVE_SELECT 1
| #define HAVE_SETLOCALE 1
| #define HAVE_SOCKET 1
| #define HAVE_STRCHR 1
| #define HAVE_STRDUP 1
| #define HAVE_STRERROR 1
| #define HAVE_STRFTIME 1
| #define HAVE_STRSTR 1
| #define HAVE_STRTOUL 1
| /* end confdefs.h.  */
| 
| /* Override any GCC internal prototype to avoid an error.
|    Use char because int might match the return type of a GCC
|    builtin and then its argument prototype would still apply.  */
| #ifdef __cplusplus
| extern "C"
| #endif
| char pcrs_compile ();
| int
| main ()
| {
| return pcrs_compile ();
|   ;
|   return 0;
| }
configure:6026: result: no
configure:6357: creating ./config.status

## ---------------------- ##
## Running config.status. ##
## ---------------------- ##

This file was extended by config.status, which was
generated by GNU Autoconf 2.68.  Invocation command line was

  CONFIG_FILES    = 
  CONFIG_HEADERS  = 
  CONFIG_LINKS    = 
  CONFIG_COMMANDS = 
  $ ./config.status 

on ubuntu

config.status:924: creating GNUmakefile
config.status:1027: WARNING:  'GNUmakefile.in' seems to ignore the --datarootdir setting
config.status:924: creating doc/source/ldp.dsl
config.status:924: creating config.h

## ---------------- ##
## Cache variables. ##
## ---------------- ##

ac_cv_build=i686-pc-linux-gnu
ac_cv_c_compiler_gnu=yes
ac_cv_c_const=yes
ac_cv_env_CC_set=
ac_cv_env_CC_value=
ac_cv_env_CFLAGS_set=
ac_cv_env_CFLAGS_value=
ac_cv_env_CPPFLAGS_set=
ac_cv_env_CPPFLAGS_value=
ac_cv_env_CPP_set=
ac_cv_env_CPP_value=
ac_cv_env_LDFLAGS_set=
ac_cv_env_LDFLAGS_value=
ac_cv_env_LIBS_set=
ac_cv_env_LIBS_value=
ac_cv_env_build_alias_set=
ac_cv_env_build_alias_value=
ac_cv_env_host_alias_set=
ac_cv_env_host_alias_value=
ac_cv_env_target_alias_set=
ac_cv_env_target_alias_value=
ac_cv_func_atexit=yes
ac_cv_func_bcopy=yes
ac_cv_func_getcwd=yes
ac_cv_func_gethostbyaddr=yes
ac_cv_func_gethostbyaddr_r=yes
ac_cv_func_gethostbyname=yes
ac_cv_func_gethostbyname_r=yes
ac_cv_func_gmtime_r=yes
ac_cv_func_inet_ntoa=yes
ac_cv_func_localtime_r=yes
ac_cv_func_memchr=yes
ac_cv_func_memmove=yes
ac_cv_func_memset=yes
ac_cv_func_regcomp=yes
ac_cv_func_select=yes
ac_cv_func_setlocale=yes
ac_cv_func_setpgrp_void=yes
ac_cv_func_socket=yes
ac_cv_func_strchr=yes
ac_cv_func_strdup=yes
ac_cv_func_strerror=yes
ac_cv_func_strftime=yes
ac_cv_func_strstr=yes
ac_cv_func_strtoul=yes
ac_cv_header_OS_h=no
ac_cv_header_arpa_inet_h=yes
ac_cv_header_dirent_dirent_h=yes
ac_cv_header_errno_h=yes
ac_cv_header_fcntl_h=yes
ac_cv_header_inttypes_h=yes
ac_cv_header_limits_h=yes
ac_cv_header_locale_h=yes
ac_cv_header_memory_h=yes
ac_cv_header_netdb_h=yes
ac_cv_header_netinet_in_h=yes
ac_cv_header_pthread_h=yes
ac_cv_header_stdc=yes
ac_cv_header_stddef_h=yes
ac_cv_header_stdint_h=yes
ac_cv_header_stdlib_h=yes
ac_cv_header_string_h=yes
ac_cv_header_strings_h=yes
ac_cv_header_sys_ioctl_h=yes
ac_cv_header_sys_socket_h=yes
ac_cv_header_sys_stat_h=yes
ac_cv_header_sys_time_h=yes
ac_cv_header_sys_timeb_h=yes
ac_cv_header_sys_types_h=yes
ac_cv_header_sys_wait_h=yes
ac_cv_header_time=yes
ac_cv_header_unistd_h=yes
ac_cv_host=i686-pc-linux-gnu
ac_cv_lib_nsl_gethostbyname=yes
ac_cv_lib_pcre_pcre_compile=no
ac_cv_lib_pcreposix_regcomp=no
ac_cv_lib_pcrs_pcrs_compile=no
ac_cv_objext=o
ac_cv_path_BGROUPS=/usr/bin/groups
ac_cv_path_EGREP='/bin/grep -E'
ac_cv_path_GREP=/bin/grep
ac_cv_path_ID=/usr/bin/id
ac_cv_path_install='/usr/bin/install -c'
ac_cv_prog_AWK=mawk
ac_cv_prog_CPP='gcc -E'
ac_cv_prog_GDB=yes
ac_cv_prog_ac_ct_CC=gcc
ac_cv_prog_cc_c89=
ac_cv_prog_cc_g=yes
ac_cv_prog_gcc_traditional=no
ac_cv_prog_make_make_set=yes
ac_cv_search_opendir='none required'
ac_cv_sizeof_char_p=4
ac_cv_sizeof_int=4
ac_cv_sizeof_long=4
ac_cv_sizeof_long_long=8
ac_cv_sizeof_size_t=4
ac_cv_struct_tm=time.h
ac_cv_type_pid_t=yes
ac_cv_type_signal=void
ac_cv_type_size_t=yes

## ----------------- ##
## Output variables. ##
## ----------------- ##

AMIGAOS_ONLY='#'
AWK='mawk'
BGROUPS='/usr/bin/groups'
CC='gcc'
CFLAGS='-pipe -O2'
CODE_STATUS='stable'
CPP='gcc -E'
CPPFLAGS=''
DB2HTML='false'
DEFS='-DHAVE_CONFIG_H'
DKPREFIX='none'
DOC_STATUS='p-stable'
ECHO_C=''
ECHO_N='-n'
ECHO_T=''
EGREP='/bin/grep -E'
EXEEXT=''
GDB='yes'
GREP='/bin/grep'
GROUP=''
ID='/usr/bin/id'
INSTALL_DATA='${INSTALL} -m 644'
INSTALL_PROGRAM='${INSTALL}'
INSTALL_SCRIPT='${INSTALL}'
JADEBIN='false'
JADECAT=''
LDFLAGS=''
LIBOBJS=''
LIBS='-lnsl '
LN_S='ln -s'
LTLIBOBJS=''
MAN2HTML='false'
OBJEXT='o'
PACKAGE_BUGREPORT=''
PACKAGE_NAME=''
PACKAGE_STRING=''
PACKAGE_TARNAME=''
PACKAGE_URL=''
PACKAGE_VERSION=''
PATH_SEPARATOR=':'
PTHREAD_LIB=''
PTHREAD_ONLY=''
RPMBIN='false'
RPM_BASE=''
SET_MAKE=''
SHELL='/bin/bash'
SOCKET_LIB=''
SPECIAL_CFLAGS='-pthread'
STATIC_PCRE_ONLY=''
STATIC_PCRS_ONLY=''
USER=''
VERSION_MAJOR='3'
VERSION_MINOR='0'
VERSION_POINT='3'
WDUMP='false'
WIN_ONLY='#'
ac_ct_CC='gcc'
bindir='${exec_prefix}/bin'
build='i686-pc-linux-gnu'
build_alias=''
build_cpu='i686'
build_os='linux-gnu'
build_vendor='pc'
datadir='${datarootdir}'
datarootdir='${prefix}/share'
docdir='${datarootdir}/doc/${PACKAGE}'
dvidir='${docdir}'
exec_prefix='${prefix}'
host='i686-pc-linux-gnu'
host_alias=''
host_cpu='i686'
host_os='linux-gnu'
host_vendor='pc'
htmldir='${docdir}'
includedir='${prefix}/include'
infodir='${datarootdir}/info'
libdir='${exec_prefix}/lib'
libexecdir='${exec_prefix}/libexec'
localedir='${datarootdir}/locale'
localstatedir='${prefix}/var'
mandir='${datarootdir}/man'
oldincludedir='/usr/include'
pdfdir='${docdir}'
prefix='/usr/local'
program_transform_name='s,x,x,'
psdir='${docdir}'
sbindir='${exec_prefix}/sbin'
sharedstatedir='${prefix}/com'
sysconfdir='${prefix}/etc'
target_alias=''

## ----------- ##
## confdefs.h. ##
## ----------- ##

/* confdefs.h */
#define PACKAGE_NAME ""
#define PACKAGE_TARNAME ""
#define PACKAGE_VERSION ""
#define PACKAGE_STRING ""
#define PACKAGE_BUGREPORT ""
#define PACKAGE_URL ""
#define VERSION_MAJOR 3
#define VERSION_MINOR 0
#define VERSION_POINT 3
#define VERSION "3.0.3"
#define CODE_STATUS "stable"
#define STDC_HEADERS 1
#define HAVE_SYS_TYPES_H 1
#define HAVE_SYS_STAT_H 1
#define HAVE_STDLIB_H 1
#define HAVE_STRING_H 1
#define HAVE_MEMORY_H 1
#define HAVE_STRINGS_H 1
#define HAVE_INTTYPES_H 1
#define HAVE_STDINT_H 1
#define HAVE_UNISTD_H 1
#define FEATURE_PTHREAD 1
#define HAVE_LIBNSL 1
#define HAVE_GETHOSTBYADDR_R_8_ARGS 1
#define HAVE_GETHOSTBYNAME_R_6_ARGS 1
#define HAVE_GMTIME_R 1
#define HAVE_LOCALTIME_R 1
#define STDC_HEADERS 1
#define HAVE_DIRENT_H 1
#define TIME_WITH_SYS_TIME 1
#define SIZEOF_INT 4
#define SIZEOF_CHAR_P 4
#define SIZEOF_LONG 4
#define SIZEOF_LONG_LONG 8
#define SIZEOF_SIZE_T 4
#define HAVE_ARPA_INET_H 1
#define HAVE_ERRNO_H 1
#define HAVE_FCNTL_H 1
#define HAVE_LIMITS_H 1
#define HAVE_LOCALE_H 1
#define HAVE_NETDB_H 1
#define HAVE_NETINET_IN_H 1
#define HAVE_STDDEF_H 1
#define HAVE_STDLIB_H 1
#define HAVE_STRING_H 1
#define HAVE_SYS_IOCTL_H 1
#define HAVE_SYS_SOCKET_H 1
#define HAVE_SYS_TIME_H 1
#define HAVE_SYS_TIMEB_H 1
#define HAVE_SYS_WAIT_H 1
#define HAVE_UNISTD_H 1
#define HAVE_STRERROR 1
#define HAVE_BCOPY 1
#define HAVE_MEMMOVE 1
#define SETPGRP_VOID 1
#define RETSIGTYPE void
#define HAVE_ATEXIT 1
#define HAVE_GETCWD 1
#define HAVE_GETHOSTBYADDR 1
#define HAVE_GETHOSTBYNAME 1
#define HAVE_INET_NTOA 1
#define HAVE_LOCALTIME_R 1
#define HAVE_MEMCHR 1
#define HAVE_MEMMOVE 1
#define HAVE_MEMSET 1
#define HAVE_REGCOMP 1
#define HAVE_SELECT 1
#define HAVE_SETLOCALE 1
#define HAVE_SOCKET 1
#define HAVE_STRCHR 1
#define HAVE_STRDUP 1
#define HAVE_STRERROR 1
#define HAVE_STRFTIME 1
#define HAVE_STRSTR 1
#define HAVE_STRTOUL 1
#define __MT__ 1
#define FEATURE_TOGGLE 1
#define FEATURE_FORCE_LOAD 1
#define FEATURE_FAST_REDIRECTS 1
#define FEATURE_KILL_POPUPS 1
#define FEATURE_STATISTICS 1
#define FEATURE_IMAGE_BLOCKING 1
#define FEATURE_ACL 1
#define FEATURE_TRUST 1
#define FEATURE_COOKIE_JAR 1
#define FEATURE_CGI_EDIT_ACTIONS 1
#define STATIC_PCRE 1
#define STATIC_PCRS 1

configure: exit 0
